0 silly argv {
0 silly argv   _: [ 'add' ],
0 silly argv   dev: true,
0 silly argv   D: true,
0 silly argv   globs: [ 'js/sdks/packages/browser-common' ],
0 silly argv   lernaVersion: '4.0.0',
0 silly argv   '$0': 'lerna',
0 silly argv   pkg: 'ts-node'
0 silly argv }
1 notice cli v4.0.0
2 verbose rootPath /home/forrest/code/tokenizer-front-end-sdk
3 error JSONError: Unexpected token "}" (0x7D) in JSON at position 574 while parsing near "...\"tape\": \"^5.2.2\",\n  },\n  \"dependencies\":..." in js/sdks/packages/browser-common/package.json
3 error
3 error [0m [90m 19 |[39m     [32m"typed-rest-client"[39m[33m:[39m [32m"^1.8.4"[39m[33m,[39m[0m
3 error [0m [90m 20 |[39m     [32m"tape"[39m[33m:[39m [32m"^5.2.2"[39m[33m,[39m[0m
3 error [0m[31m[1m>[22m[39m[90m 21 |[39m   }[33m,[39m[0m
3 error [0m [90m    |[39m   [31m[1m^[22m[39m[0m
3 error [0m [90m 22 |[39m   [32m"dependencies"[39m[33m:[39m {[0m
3 error [0m [90m 23 |[39m     [32m"react-dom"[39m[33m:[39m [32m"^17.0.2"[39m[0m
3 error [0m [90m 24 |[39m   }[0m
3 error
3 error     at parseJson (/home/forrest/code/tokenizer-front-end-sdk/node_modules/@lerna/add/node_modules/parse-json/index.js:29:21)
3 error     at parse (/home/forrest/code/tokenizer-front-end-sdk/node_modules/@lerna/add/node_modules/load-json-file/index.js:15:9)
3 error     at module.exports (/home/forrest/code/tokenizer-front-end-sdk/node_modules/@lerna/add/node_modules/load-json-file/index.js:18:47)
